\BOOKMARK [1][-]{section.1}{\376\377\006\050\006\061\006\061\006\063\006\314\000\040\006\047\006\105\006\251\006\047\006\106\040\014\006\063\006\106\006\054\006\314}{}% 1
\BOOKMARK [2][-]{subsection.1.1}{\376\377\006\047\006\105\006\251\006\047\006\106\040\014\006\063\006\106\006\054\006\314\000\040\006\101\006\106\006\314}{section.1}% 2
\BOOKMARK [2][-]{subsection.1.2}{\376\377\006\047\006\105\006\251\006\047\006\106\040\014\006\063\006\106\006\054\006\314\000\040\006\047\006\102\006\052\006\065\006\047\006\057\006\314}{section.1}% 3
\BOOKMARK [2][-]{subsection.1.3}{\376\377\006\047\006\105\006\251\006\047\006\106\040\014\006\063\006\106\006\054\006\314\000\040\006\063\006\047\006\062\006\105\006\047\006\106\006\314}{section.1}% 4
\BOOKMARK [1][-]{section.2}{\376\377\006\105\006\055\006\047\006\063\006\050\006\107\000\040\006\063\006\110\006\057\000\040\006\110\000\040\006\062\006\314\006\047\006\106\000\040\006\176\006\061\006\110\006\230\006\107\000\040\000"\006\061\006\106\006\057\006\047\006\106\000"}{}% 5
\BOOKMARK [2][-]{subsection.2.1}{\376\377\006\052\006\055\006\104\006\314\006\104\000\040\006\063\006\110\006\057}{section.2}% 6
\BOOKMARK [2][-]{subsection.2.2}{\376\377\006\052\006\055\006\104\006\314\006\104\000\040\006\062\006\314\006\047\006\106}{section.2}% 7
\BOOKMARK [2][-]{subsection.2.3}{\376\377\006\105\006\055\006\047\006\063\006\050\006\107\000\040\006\050\006\047\006\062\006\257\006\064\006\052\000\040\006\063\006\061\006\105\006\047\006\314\006\107\000\040\006\110\000\040\006\106\006\102\006\067\006\107\000\040\006\063\006\061\000\040\006\050\006\107\000\040\006\063\006\061}{section.2}% 8
\BOOKMARK [2][-]{subsection.2.4}{\376\377\006\106\006\052\006\314\006\054\006\107\040\014\006\257\006\314\006\061\006\314}{section.2}% 9
\BOOKMARK [1][-]{section.3}{\376\377\006\105\006\102\006\057\006\105\006\107}{}% 10
\BOOKMARK [1][-]{section.4}{\376\377\000D\000i\000s\000c\000o\000v\000e\000r\000y\000\040\000S\000e\000r\000v\000i\000c\000e}{}% 11
\BOOKMARK [1][-]{section.5}{\376\377\000R\000e\000d\000u\000n\000d\000a\000n\000t\000\040\000S\000p\000a\000r\000e}{}% 12
\BOOKMARK [1][-]{section.6}{\376\377\000T\000i\000m\000e\000s\000t\000a\000m\000p}{}% 13
\BOOKMARK [1][-]{section.7}{\376\377\006\106\006\052\006\314\006\054\006\107\040\014\006\257\006\314\006\061\006\314}{}% 14
\BOOKMARK [1][-]{section.8}{\376\377\006\105\006\102\006\057\006\105\006\107}{}% 15
\BOOKMARK [1][-]{section.9}{\376\377\006\101\006\071\006\047\006\104\006\314\006\052\040\014\006\107\006\047\006\314\000\040\006\105\006\061\006\110\006\061\006\314\000\040\006\057\006\061\000\040\000X\000P}{}% 16
\BOOKMARK [2][-]{subsection.9.1}{\376\377\006\251\006\057\006\106\006\110\006\314\006\063\006\314\000\040\006\054\006\101\006\052\006\314}{section.9}% 17
\BOOKMARK [2][-]{subsection.9.2}{\376\377\006\052\006\110\006\063\006\071\006\107\000\040\006\105\006\055\006\110\006\061\000\040\006\052\006\063\006\052\000\040\000\050\000T\000D\000D\000\051}{section.9}% 18
\BOOKMARK [2][-]{subsection.9.3}{\376\377\006\050\006\047\006\062\006\050\006\314\006\106\006\314\000\040\006\251\006\057\000\040\006\052\006\110\006\063\006\067\000\040\006\107\006\105\006\052\006\314\006\105\006\314\040\014\006\107\006\047}{section.9}% 19
\BOOKMARK [1][-]{section.10}{\376\377\006\047\006\053\006\061\006\257\006\060\006\047\006\061\006\314\000\040\006\101\006\071\006\047\006\104\006\314\006\052\040\014\006\107\006\047\006\314\000\040\006\105\006\061\006\110\006\061\006\314\000\040\006\050\006\061\000\040\006\251\006\314\006\101\006\314\006\052}{}% 20
\BOOKMARK [1][-]{section.11}{\376\377\006\206\006\047\006\104\006\064\040\014\006\107\006\047}{}% 21
\BOOKMARK [1][-]{section.12}{\376\377\006\106\006\052\006\314\006\054\006\107\040\014\006\257\006\314\006\061\006\314}{}% 22
